[0.522s] Invoking command in '/home/yamamoto/ros2_ws/src/mypkg': PYTHONPATH=/home/yamamoto/ros2_ws/src/mypkg/build/mypkg/prefix_override:/home/yamamoto/ros2_ws/src/mypkg/install/mypkg/lib/python3.10/site-packages:${PYTHONPATH} /usr/bin/python3 setup.py egg_info --egg-base build/mypkg build --build-base /home/yamamoto/ros2_ws/src/mypkg/build/mypkg/build install --record /home/yamamoto/ros2_ws/src/mypkg/build/mypkg/install.log --single-version-externally-managed
[0.777s] running egg_info
[0.777s] writing build/mypkg/mypkg.egg-info/PKG-INFO
[0.777s] writing dependency_links to build/mypkg/mypkg.egg-info/dependency_links.txt
[0.778s] writing entry points to build/mypkg/mypkg.egg-info/entry_points.txt
[0.778s] writing requirements to build/mypkg/mypkg.egg-info/requires.txt
[0.778s] writing top-level names to build/mypkg/mypkg.egg-info/top_level.txt
[0.780s] reading manifest file 'build/mypkg/mypkg.egg-info/SOURCES.txt'
[0.781s] writing manifest file 'build/mypkg/mypkg.egg-info/SOURCES.txt'
[0.781s] running build
[0.781s] running build_py
[0.781s] copying mypkg/talker.py -> /home/yamamoto/ros2_ws/src/mypkg/build/mypkg/build/lib/mypkg
[0.781s] running install
[0.782s] /usr/lib/python3/dist-packages/setuptools/command/install.py:34: SetuptoolsDeprecationWarning: setup.py install is deprecated. Use build and pip and other standards-based tools.
[0.782s]   warnings.warn(
[0.782s] running install_lib
[0.783s] copying /home/yamamoto/ros2_ws/src/mypkg/build/mypkg/build/lib/mypkg/talker.py -> /home/yamamoto/ros2_ws/src/mypkg/install/mypkg/lib/python3.10/site-packages/mypkg
[0.783s] byte-compiling /home/yamamoto/ros2_ws/src/mypkg/install/mypkg/lib/python3.10/site-packages/mypkg/talker.py to talker.cpython-310.pyc
[0.784s] running install_data
[0.784s] Sorry: IndentationError: unexpected indent (talker.py, line 1)
[0.784s] copying package.xml -> /home/yamamoto/ros2_ws/src/mypkg/install/mypkg/share/mypkg
[0.784s] running install_egg_info
[0.786s] removing '/home/yamamoto/ros2_ws/src/mypkg/install/mypkg/lib/python3.10/site-packages/mypkg-0.0.0-py3.10.egg-info' (and everything under it)
[0.786s] Copying build/mypkg/mypkg.egg-info to /home/yamamoto/ros2_ws/src/mypkg/install/mypkg/lib/python3.10/site-packages/mypkg-0.0.0-py3.10.egg-info
[0.787s] running install_scripts
[0.812s] Installing talker script to /home/yamamoto/ros2_ws/src/mypkg/install/mypkg/lib/mypkg
[0.812s] writing list of installed files to '/home/yamamoto/ros2_ws/src/mypkg/build/mypkg/install.log'
[0.832s] Invoked command in '/home/yamamoto/ros2_ws/src/mypkg' returned '0': PYTHONPATH=/home/yamamoto/ros2_ws/src/mypkg/build/mypkg/prefix_override:/home/yamamoto/ros2_ws/src/mypkg/install/mypkg/lib/python3.10/site-packages:${PYTHONPATH} /usr/bin/python3 setup.py egg_info --egg-base build/mypkg build --build-base /home/yamamoto/ros2_ws/src/mypkg/build/mypkg/build install --record /home/yamamoto/ros2_ws/src/mypkg/build/mypkg/install.log --single-version-externally-managed
