[0.654s] Invoking command in '/home/yamamoto/ros2_ws/src/mypkg': PYTHONPATH=/home/yamamoto/ros2_ws/src/mypkg/build/mypkg/prefix_override:/home/yamamoto/ros2_ws/src/mypkg/install/mypkg/lib/python3.10/site-packages:${PYTHONPATH} /usr/bin/python3 setup.py egg_info --egg-base build/mypkg build --build-base /home/yamamoto/ros2_ws/src/mypkg/build/mypkg/build install --record /home/yamamoto/ros2_ws/src/mypkg/build/mypkg/install.log --single-version-externally-managed
[0.823s] running egg_info
[0.823s] creating build/mypkg/mypkg.egg-info
[0.824s] writing build/mypkg/mypkg.egg-info/PKG-INFO
[0.824s] writing dependency_links to build/mypkg/mypkg.egg-info/dependency_links.txt
[0.824s] writing entry points to build/mypkg/mypkg.egg-info/entry_points.txt
[0.824s] writing requirements to build/mypkg/mypkg.egg-info/requires.txt
[0.825s] writing top-level names to build/mypkg/mypkg.egg-info/top_level.txt
[0.825s] writing manifest file 'build/mypkg/mypkg.egg-info/SOURCES.txt'
[0.826s] reading manifest file 'build/mypkg/mypkg.egg-info/SOURCES.txt'
[0.827s] writing manifest file 'build/mypkg/mypkg.egg-info/SOURCES.txt'
[0.827s] running build
[0.827s] running build_py
[0.827s] creating /home/yamamoto/ros2_ws/src/mypkg/build/mypkg/build
[0.827s] creating /home/yamamoto/ros2_ws/src/mypkg/build/mypkg/build/lib
[0.827s] creating /home/yamamoto/ros2_ws/src/mypkg/build/mypkg/build/lib/mypkg
[0.828s] copying mypkg/__init__.py -> /home/yamamoto/ros2_ws/src/mypkg/build/mypkg/build/lib/mypkg
[0.828s] running install
[0.829s] /usr/lib/python3/dist-packages/setuptools/command/install.py:34: SetuptoolsDeprecationWarning: setup.py install is deprecated. Use build and pip and other standards-based tools.
[0.829s]   warnings.warn(
[0.829s] running install_lib
[0.830s] creating /home/yamamoto/ros2_ws/src/mypkg/install/mypkg/lib/python3.10/site-packages/mypkg
[0.830s] copying /home/yamamoto/ros2_ws/src/mypkg/build/mypkg/build/lib/mypkg/__init__.py -> /home/yamamoto/ros2_ws/src/mypkg/install/mypkg/lib/python3.10/site-packages/mypkg
[0.831s] byte-compiling /home/yamamoto/ros2_ws/src/mypkg/install/mypkg/lib/python3.10/site-packages/mypkg/__init__.py to __init__.cpython-310.pyc
[0.831s] running install_data
[0.832s] creating /home/yamamoto/ros2_ws/src/mypkg/install/mypkg/share/ament_index
[0.832s] creating /home/yamamoto/ros2_ws/src/mypkg/install/mypkg/share/ament_index/resource_index
[0.832s] creating /home/yamamoto/ros2_ws/src/mypkg/install/mypkg/share/ament_index/resource_index/packages
[0.832s] copying resource/mypkg -> /home/yamamoto/ros2_ws/src/mypkg/install/mypkg/share/ament_index/resource_index/packages
[0.832s] copying package.xml -> /home/yamamoto/ros2_ws/src/mypkg/install/mypkg/share/mypkg
[0.832s] running install_egg_info
[0.834s] Copying build/mypkg/mypkg.egg-info to /home/yamamoto/ros2_ws/src/mypkg/install/mypkg/lib/python3.10/site-packages/mypkg-0.0.0-py3.10.egg-info
[0.834s] running install_scripts
[0.850s] writing list of installed files to '/home/yamamoto/ros2_ws/src/mypkg/build/mypkg/install.log'
[0.867s] Invoked command in '/home/yamamoto/ros2_ws/src/mypkg' returned '0': PYTHONPATH=/home/yamamoto/ros2_ws/src/mypkg/build/mypkg/prefix_override:/home/yamamoto/ros2_ws/src/mypkg/install/mypkg/lib/python3.10/site-packages:${PYTHONPATH} /usr/bin/python3 setup.py egg_info --egg-base build/mypkg build --build-base /home/yamamoto/ros2_ws/src/mypkg/build/mypkg/build install --record /home/yamamoto/ros2_ws/src/mypkg/build/mypkg/install.log --single-version-externally-managed
